ERROR:root:Uncaught exception
Traceback (most recent call last):
  File "C:\Users\Master_PC\Desktop\IPtv_projects\Projects Eldad\M3u_Editor_EldadV1\m3u_Editor.py", line 1232, in sortChannels
    self.updateM3UContent()  # <-- Add this line
    ^^^^^^^^^^^^^^^^^^^^^^^
  File "C:\Users\Master_PC\Desktop\IPtv_projects\Projects Eldad\M3u_Editor_EldadV1\m3u_Editor.py", line 1465, in updateM3UContent
    extinf_line = self.getFullExtInfLine(channel)
                  ^^^^^^^^^^^^^^^^^^^^^^
AttributeError: 'M3UEditor' object has no attribute 'getFullExtInfLine'
ERROR:root:Uncaught exception
Traceback (most recent call last):
  File "C:\Users\Master_PC\Desktop\IPtv_projects\Projects Eldad\M3u_Editor_EldadV1\m3u_Editor.py", line 2018, in <lambda>
    start_btn.clicked.connect(lambda: [dialog.accept(), self.startSmartScan(category=combo.currentText())])
                                                        ^^^^^^^^^^^^^^^^^^^^^^^^^^^^^^^^^^^^^^^^^^^^^^^^^
  File "C:\Users\Master_PC\Desktop\IPtv_projects\Projects Eldad\M3u_Editor_EldadV1\m3u_Editor.py", line 1997, in startSmartScan
    dialog = SmartScanStatusDialog(channels, duplicate_names, self)
             ^^^^^^^^^^^^^^^^^^^^^^^^^^^^^^^^^^^^^^^^^^^^^^^^^^^^^^
  File "C:\Users\Master_PC\Desktop\IPtv_projects\Projects Eldad\M3u_Editor_EldadV1\m3u_Editor.py", line 625, in __init__
    self.thread = SmartScanThread(channels, duplicates)
                  ^^^^^^^^^^^^^^^
NameError: name 'SmartScanThread' is not defined
ERROR:root:Uncaught exception
Traceback (most recent call last):
  File "C:\Users\Master_PC\Desktop\IPtv_projects\Projects Eldad\M3u_Editor_EldadV1\m3u_Editor.py", line 2018, in <lambda>
    start_btn.clicked.connect(lambda: [dialog.accept(), self.startSmartScan(category=combo.currentText())])
                                                        ^^^^^^^^^^^^^^^^^^^^^^^^^^^^^^^^^^^^^^^^^^^^^^^^^
  File "C:\Users\Master_PC\Desktop\IPtv_projects\Projects Eldad\M3u_Editor_EldadV1\m3u_Editor.py", line 1997, in startSmartScan
    dialog = SmartScanStatusDialog(channels, duplicate_names, self)
             ^^^^^^^^^^^^^^^^^^^^^^^^^^^^^^^^^^^^^^^^^^^^^^^^^^^^^^
  File "C:\Users\Master_PC\Desktop\IPtv_projects\Projects Eldad\M3u_Editor_EldadV1\m3u_Editor.py", line 625, in __init__
    self.thread = SmartScanThread(channels, duplicates)
                  ^^^^^^^^^^^^^^^
NameError: name 'SmartScanThread' is not defined
ERROR:root:Uncaught exception
Traceback (most recent call last):
  File "C:\Users\Master_PC\Desktop\IPtv_projects\Projects Eldad\M3u_Editor_EldadV1\m3u_Editor.py", line 1893, in <lambda>
    all_btn.clicked.connect(lambda: [dialog.accept(), self.startSmartScan(all_categories=True)])
                                                      ^^^^^^^^^^^^^^^^^^^^^^^^^^^^^^^^^^^^^^^^
  File "C:\Users\Master_PC\Desktop\IPtv_projects\Projects Eldad\M3u_Editor_EldadV1\m3u_Editor.py", line 1997, in startSmartScan
    dialog = SmartScanStatusDialog(channels, duplicate_names, self)
             ^^^^^^^^^^^^^^^^^^^^^^^^^^^^^^^^^^^^^^^^^^^^^^^^^^^^^^
  File "C:\Users\Master_PC\Desktop\IPtv_projects\Projects Eldad\M3u_Editor_EldadV1\m3u_Editor.py", line 625, in __init__
    self.thread = SmartScanThread(channels, duplicates)
                  ^^^^^^^^^^^^^^^
NameError: name 'SmartScanThread' is not defined
ERROR:root:Uncaught exception
Traceback (most recent call last):
  File "C:\Users\Master_PC\Desktop\IPtv_projects\Projects Eldad\M3u_Editor_EldadV1\m3u_Editor.py", line 1235, in sortChannels
    self.updateM3UContent()  # <-- Add this line
    ^^^^^^^^^^^^^^^^^^^^^^^
  File "C:\Users\Master_PC\Desktop\IPtv_projects\Projects Eldad\M3u_Editor_EldadV1\m3u_Editor.py", line 1468, in updateM3UContent
    extinf_line = self.getFullExtInfLine(channel)
                  ^^^^^^^^^^^^^^^^^^^^^^
AttributeError: 'M3UEditor' object has no attribute 'getFullExtInfLine'
ERROR:root:Uncaught exception
Traceback (most recent call last):
  File "C:\Users\Master_PC\Desktop\IPtv_projects\Projects Eldad\M3u_Editor_EldadV1\m3u_Editor.py", line 1243, in sortChannels
    self.updateM3UContent()  # <-- Add this line
    ^^^^^^^^^^^^^^^^^^^^^^^
  File "C:\Users\Master_PC\Desktop\IPtv_projects\Projects Eldad\M3u_Editor_EldadV1\m3u_Editor.py", line 1476, in updateM3UContent
    extinf_line = self.getFullExtInfLine(channel)
                  ^^^^^^^^^^^^^^^^^^^^^^
AttributeError: 'M3UEditor' object has no attribute 'getFullExtInfLine'
ERROR:root:Uncaught exception
Traceback (most recent call last):
  File "C:\Users\Master_PC\Desktop\IPtv_projects\Projects Eldad\M3u_Editor_EldadV1\m3u_Editor.py", line 1243, in sortChannels
    self.updateM3UContent()  # <-- Add this line
    ^^^^^^^^^^^^^^^^^^^^^^^
  File "C:\Users\Master_PC\Desktop\IPtv_projects\Projects Eldad\M3u_Editor_EldadV1\m3u_Editor.py", line 1476, in updateM3UContent
    extinf_line = self.getFullExtInfLine(channel)
                  ^^^^^^^^^^^^^^^^^^^^^^
AttributeError: 'M3UEditor' object has no attribute 'getFullExtInfLine'
ERROR:root:Uncaught exception
Traceback (most recent call last):
  File "C:\Users\Master_PC\Desktop\IPtv_projects\Projects Eldad\M3u_Editor_EldadV1\m3u_Editor.py", line 1231, in sortChannels
    self.updateM3UContent()  # <-- Add this line
    ^^^^^^^^^^^^^^^^^^^^^^^
  File "C:\Users\Master_PC\Desktop\IPtv_projects\Projects Eldad\M3u_Editor_EldadV1\m3u_Editor.py", line 1489, in updateM3UContent
    extinf_line = self.getFullExtInfLine(channel)
                  ^^^^^^^^^^^^^^^^^^^^^^
AttributeError: 'M3UEditor' object has no attribute 'getFullExtInfLine'
ERROR:root:Uncaught exception
Traceback (most recent call last):
  File "C:\Users\Master_PC\Desktop\IPtv_projects\Projects Eldad\M3u_Editor_EldadV1\m3u_Editor.py", line 1451, in deleteSelectedChannels
    self.updateM3UContent()
  File "C:\Users\Master_PC\Desktop\IPtv_projects\Projects Eldad\M3u_Editor_EldadV1\m3u_Editor.py", line 1489, in updateM3UContent
    extinf_line = self.getFullExtInfLine(channel)
                  ^^^^^^^^^^^^^^^^^^^^^^
AttributeError: 'M3UEditor' object has no attribute 'getFullExtInfLine'
ERROR:root:Uncaught exception
Traceback (most recent call last):
  File "C:\Users\Master_PC\Desktop\IPtv_projects\Projects Eldad\M3u_Editor_EldadV1\m3u_Editor.py", line 1451, in deleteSelectedChannels
    self.updateM3UContent()
  File "C:\Users\Master_PC\Desktop\IPtv_projects\Projects Eldad\M3u_Editor_EldadV1\m3u_Editor.py", line 1489, in updateM3UContent
    extinf_line = self.getFullExtInfLine(channel)
                  ^^^^^^^^^^^^^^^^^^^^^^
AttributeError: 'M3UEditor' object has no attribute 'getFullExtInfLine'
ERROR:root:Uncaught exception
Traceback (most recent call last):
  File "C:\Users\Master_PC\Desktop\IPtv_projects\Projects Eldad\M3u_Editor_EldadV1\m3u_Editor.py", line 1451, in deleteSelectedChannels
    self.updateM3UContent()
  File "C:\Users\Master_PC\Desktop\IPtv_projects\Projects Eldad\M3u_Editor_EldadV1\m3u_Editor.py", line 1489, in updateM3UContent
    extinf_line = self.getFullExtInfLine(channel)
                  ^^^^^^^^^^^^^^^^^^^^^^
AttributeError: 'M3UEditor' object has no attribute 'getFullExtInfLine'
ERROR:root:Uncaught exception
Traceback (most recent call last):
  File "C:\Users\Master_PC\Desktop\IPtv_projects\Projects Eldad\M3u_Editor_EldadV1\m3u_Editor.py", line 1451, in deleteSelectedChannels
    self.updateM3UContent()
  File "C:\Users\Master_PC\Desktop\IPtv_projects\Projects Eldad\M3u_Editor_EldadV1\m3u_Editor.py", line 1489, in updateM3UContent
    extinf_line = self.getFullExtInfLine(channel)
                  ^^^^^^^^^^^^^^^^^^^^^^
AttributeError: 'M3UEditor' object has no attribute 'getFullExtInfLine'
ERROR:root:Uncaught exception
Traceback (most recent call last):
  File "C:\Users\Master_PC\Desktop\IPtv_projects\Projects Eldad\M3u_Editor_EldadV1\m3u_Editor.py", line 1451, in deleteSelectedChannels
    self.updateM3UContent()
  File "C:\Users\Master_PC\Desktop\IPtv_projects\Projects Eldad\M3u_Editor_EldadV1\m3u_Editor.py", line 1489, in updateM3UContent
    extinf_line = self.getFullExtInfLine(channel)
                  ^^^^^^^^^^^^^^^^^^^^^^
AttributeError: 'M3UEditor' object has no attribute 'getFullExtInfLine'
ERROR:root:Uncaught exception
Traceback (most recent call last):
  File "C:\Users\Master_PC\Desktop\IPtv_projects\Projects Eldad\M3u_Editor_EldadV1\m3u_Editor.py", line 1451, in deleteSelectedChannels
    self.updateM3UContent()
  File "C:\Users\Master_PC\Desktop\IPtv_projects\Projects Eldad\M3u_Editor_EldadV1\m3u_Editor.py", line 1489, in updateM3UContent
    extinf_line = self.getFullExtInfLine(channel)
                  ^^^^^^^^^^^^^^^^^^^^^^
AttributeError: 'M3UEditor' object has no attribute 'getFullExtInfLine'
ERROR:root:Uncaught exception
Traceback (most recent call last):
  File "C:\Users\Master_PC\Desktop\IPtv_projects\Projects Eldad\M3u_Editor_EldadV1\m3u_Editor.py", line 1451, in deleteSelectedChannels
    self.updateM3UContent()
  File "C:\Users\Master_PC\Desktop\IPtv_projects\Projects Eldad\M3u_Editor_EldadV1\m3u_Editor.py", line 1489, in updateM3UContent
    extinf_line = self.getFullExtInfLine(channel)
                  ^^^^^^^^^^^^^^^^^^^^^^
AttributeError: 'M3UEditor' object has no attribute 'getFullExtInfLine'
ERROR:root:Uncaught exception
Traceback (most recent call last):
  File "C:\Users\Master_PC\Desktop\IPtv_projects\Projects Eldad\M3u_Editor_EldadV1\m3u_Editor.py", line 1451, in deleteSelectedChannels
    self.updateM3UContent()
  File "C:\Users\Master_PC\Desktop\IPtv_projects\Projects Eldad\M3u_Editor_EldadV1\m3u_Editor.py", line 1489, in updateM3UContent
    extinf_line = self.getFullExtInfLine(channel)
                  ^^^^^^^^^^^^^^^^^^^^^^
AttributeError: 'M3UEditor' object has no attribute 'getFullExtInfLine'
ERROR:root:Uncaught exception
Traceback (most recent call last):
  File "C:\Users\Master_PC\Desktop\IPtv_projects\Projects Eldad\M3u_Editor_EldadV1\m3u_Editor.py", line 1451, in deleteSelectedChannels
    self.updateM3UContent()
  File "C:\Users\Master_PC\Desktop\IPtv_projects\Projects Eldad\M3u_Editor_EldadV1\m3u_Editor.py", line 1489, in updateM3UContent
    extinf_line = self.getFullExtInfLine(channel)
                  ^^^^^^^^^^^^^^^^^^^^^^
AttributeError: 'M3UEditor' object has no attribute 'getFullExtInfLine'
ERROR:root:Uncaught exception
Traceback (most recent call last):
  File "C:\Users\Master_PC\Desktop\IPtv_projects\Projects Eldad\M3u_Editor_EldadV1\m3u_Editor.py", line 1451, in deleteSelectedChannels
    self.updateM3UContent()
  File "C:\Users\Master_PC\Desktop\IPtv_projects\Projects Eldad\M3u_Editor_EldadV1\m3u_Editor.py", line 1489, in updateM3UContent
    extinf_line = self.getFullExtInfLine(channel)
                  ^^^^^^^^^^^^^^^^^^^^^^
AttributeError: 'M3UEditor' object has no attribute 'getFullExtInfLine'
ERROR:root:Uncaught exception
Traceback (most recent call last):
  File "C:\Users\Master_PC\Desktop\IPtv_projects\Projects Eldad\M3u_Editor_EldadV1\m3u_Editor.py", line 1451, in deleteSelectedChannels
    self.updateM3UContent()
  File "C:\Users\Master_PC\Desktop\IPtv_projects\Projects Eldad\M3u_Editor_EldadV1\m3u_Editor.py", line 1489, in updateM3UContent
    extinf_line = self.getFullExtInfLine(channel)
                  ^^^^^^^^^^^^^^^^^^^^^^
AttributeError: 'M3UEditor' object has no attribute 'getFullExtInfLine'
ERROR:root:Uncaught exception
Traceback (most recent call last):
  File "C:\Users\Master_PC\Desktop\IPtv_projects\Projects Eldad\M3u_Editor_EldadV1\m3u_Editor.py", line 1451, in deleteSelectedChannels
    self.updateM3UContent()
  File "C:\Users\Master_PC\Desktop\IPtv_projects\Projects Eldad\M3u_Editor_EldadV1\m3u_Editor.py", line 1489, in updateM3UContent
    extinf_line = self.getFullExtInfLine(channel)
                  ^^^^^^^^^^^^^^^^^^^^^^
AttributeError: 'M3UEditor' object has no attribute 'getFullExtInfLine'
ERROR:root:Uncaught exception
Traceback (most recent call last):
  File "C:\Users\Master_PC\Desktop\IPtv_projects\Projects Eldad\M3u_Editor_EldadV1\m3u_Editor.py", line 1451, in deleteSelectedChannels
    self.updateM3UContent()
  File "C:\Users\Master_PC\Desktop\IPtv_projects\Projects Eldad\M3u_Editor_EldadV1\m3u_Editor.py", line 1489, in updateM3UContent
    extinf_line = self.getFullExtInfLine(channel)
                  ^^^^^^^^^^^^^^^^^^^^^^
AttributeError: 'M3UEditor' object has no attribute 'getFullExtInfLine'
ERROR:root:Uncaught exception
Traceback (most recent call last):
  File "C:\Users\Master_PC\Desktop\IPtv_projects\Projects Eldad\M3u_Editor_EldadV1\m3u_Editor.py", line 1451, in deleteSelectedChannels
    self.updateM3UContent()
  File "C:\Users\Master_PC\Desktop\IPtv_projects\Projects Eldad\M3u_Editor_EldadV1\m3u_Editor.py", line 1489, in updateM3UContent
    extinf_line = self.getFullExtInfLine(channel)
                  ^^^^^^^^^^^^^^^^^^^^^^
AttributeError: 'M3UEditor' object has no attribute 'getFullExtInfLine'
ERROR:root:Uncaught exception
Traceback (most recent call last):
  File "C:\Users\Master_PC\Desktop\IPtv_projects\Projects Eldad\M3u_Editor_EldadV1\m3u_Editor.py", line 1272, in sortChannels
    self.updateM3UContent()  # <-- Add this line
    ^^^^^^^^^^^^^^^^^^^^^^^
  File "C:\Users\Master_PC\Desktop\IPtv_projects\Projects Eldad\M3u_Editor_EldadV1\m3u_Editor.py", line 1530, in updateM3UContent
    extinf_line = self.getFullExtInfLine(channel)
                  ^^^^^^^^^^^^^^^^^^^^^^
AttributeError: 'M3UEditor' object has no attribute 'getFullExtInfLine'
ERROR:root:Uncaught exception
Traceback (most recent call last):
  File "C:\Users\Master_PC\Desktop\IPtv_projects\Projects Eldad\M3u_Editor_EldadV1\m3u_Editor.py", line 1492, in deleteSelectedChannels
    self.updateM3UContent()
  File "C:\Users\Master_PC\Desktop\IPtv_projects\Projects Eldad\M3u_Editor_EldadV1\m3u_Editor.py", line 1530, in updateM3UContent
    extinf_line = self.getFullExtInfLine(channel)
                  ^^^^^^^^^^^^^^^^^^^^^^
AttributeError: 'M3UEditor' object has no attribute 'getFullExtInfLine'
ERROR:root:Uncaught exception
Traceback (most recent call last):
  File "C:\Users\Master_PC\Desktop\IPtv_projects\Projects Eldad\M3u_Editor_EldadV1\m3u_Editor.py", line 1492, in deleteSelectedChannels
    self.updateM3UContent()
  File "C:\Users\Master_PC\Desktop\IPtv_projects\Projects Eldad\M3u_Editor_EldadV1\m3u_Editor.py", line 1530, in updateM3UContent
    extinf_line = self.getFullExtInfLine(channel)
                  ^^^^^^^^^^^^^^^^^^^^^^
AttributeError: 'M3UEditor' object has no attribute 'getFullExtInfLine'
ERROR:root:Uncaught exception
Traceback (most recent call last):
  File "C:\Users\Master_PC\Desktop\IPtv_projects\Projects Eldad\M3u_Editor_EldadV1\m3u_Editor.py", line 1492, in deleteSelectedChannels
    self.updateM3UContent()
  File "C:\Users\Master_PC\Desktop\IPtv_projects\Projects Eldad\M3u_Editor_EldadV1\m3u_Editor.py", line 1530, in updateM3UContent
    extinf_line = self.getFullExtInfLine(channel)
                  ^^^^^^^^^^^^^^^^^^^^^^
AttributeError: 'M3UEditor' object has no attribute 'getFullExtInfLine'
ERROR:root:Uncaught exception
Traceback (most recent call last):
  File "C:\Users\Master_PC\Desktop\IPtv_projects\Projects Eldad\M3u_Editor_EldadV1\m3u_Editor.py", line 1492, in deleteSelectedChannels
    self.updateM3UContent()
  File "C:\Users\Master_PC\Desktop\IPtv_projects\Projects Eldad\M3u_Editor_EldadV1\m3u_Editor.py", line 1530, in updateM3UContent
    extinf_line = self.getFullExtInfLine(channel)
                  ^^^^^^^^^^^^^^^^^^^^^^
AttributeError: 'M3UEditor' object has no attribute 'getFullExtInfLine'
ERROR:root:Uncaught exception
Traceback (most recent call last):
  File "C:\Users\Master_PC\Desktop\IPtv_projects\Projects Eldad\M3u_Editor_EldadV1\m3u_Editor.py", line 1492, in deleteSelectedChannels
    self.updateM3UContent()
  File "C:\Users\Master_PC\Desktop\IPtv_projects\Projects Eldad\M3u_Editor_EldadV1\m3u_Editor.py", line 1530, in updateM3UContent
    extinf_line = self.getFullExtInfLine(channel)
                  ^^^^^^^^^^^^^^^^^^^^^^
AttributeError: 'M3UEditor' object has no attribute 'getFullExtInfLine'
ERROR:root:Uncaught exception
Traceback (most recent call last):
  File "C:\Users\Master_PC\Desktop\IPtv_projects\Projects Eldad\M3u_Editor_EldadV1\m3u_Editor.py", line 1492, in deleteSelectedChannels
    self.updateM3UContent()
  File "C:\Users\Master_PC\Desktop\IPtv_projects\Projects Eldad\M3u_Editor_EldadV1\m3u_Editor.py", line 1530, in updateM3UContent
    extinf_line = self.getFullExtInfLine(channel)
                  ^^^^^^^^^^^^^^^^^^^^^^
AttributeError: 'M3UEditor' object has no attribute 'getFullExtInfLine'
ERROR:root:Uncaught exception
Traceback (most recent call last):
  File "C:\Users\Master_PC\Desktop\IPtv_projects\Projects Eldad\M3u_Editor_EldadV1\m3u_Editor.py", line 1492, in deleteSelectedChannels
    self.updateM3UContent()
  File "C:\Users\Master_PC\Desktop\IPtv_projects\Projects Eldad\M3u_Editor_EldadV1\m3u_Editor.py", line 1530, in updateM3UContent
    extinf_line = self.getFullExtInfLine(channel)
                  ^^^^^^^^^^^^^^^^^^^^^^
AttributeError: 'M3UEditor' object has no attribute 'getFullExtInfLine'
ERROR:root:Uncaught exception
Traceback (most recent call last):
  File "C:\Users\Master_PC\Desktop\IPtv_projects\Projects Eldad\M3u_Editor_EldadV1\m3u_Editor.py", line 1492, in deleteSelectedChannels
    self.updateM3UContent()
  File "C:\Users\Master_PC\Desktop\IPtv_projects\Projects Eldad\M3u_Editor_EldadV1\m3u_Editor.py", line 1530, in updateM3UContent
    extinf_line = self.getFullExtInfLine(channel)
                  ^^^^^^^^^^^^^^^^^^^^^^
AttributeError: 'M3UEditor' object has no attribute 'getFullExtInfLine'
ERROR:root:Uncaught exception
Traceback (most recent call last):
  File "C:\Users\Master_PC\Desktop\IPtv_projects\Projects Eldad\M3u_Editor_EldadV1\m3u_Editor.py", line 1492, in deleteSelectedChannels
    self.updateM3UContent()
  File "C:\Users\Master_PC\Desktop\IPtv_projects\Projects Eldad\M3u_Editor_EldadV1\m3u_Editor.py", line 1530, in updateM3UContent
    extinf_line = self.getFullExtInfLine(channel)
                  ^^^^^^^^^^^^^^^^^^^^^^
AttributeError: 'M3UEditor' object has no attribute 'getFullExtInfLine'
ERROR:root:Uncaught exception
Traceback (most recent call last):
  File "C:\Users\Master_PC\Desktop\IPtv_projects\Projects Eldad\M3u_Editor_EldadV1\m3u_Editor.py", line 1272, in sortChannels
    self.updateM3UContent()  # <-- Add this line
    ^^^^^^^^^^^^^^^^^^^^^^^
  File "C:\Users\Master_PC\Desktop\IPtv_projects\Projects Eldad\M3u_Editor_EldadV1\m3u_Editor.py", line 1530, in updateM3UContent
    extinf_line = self.getFullExtInfLine(channel)
                  ^^^^^^^^^^^^^^^^^^^^^^
AttributeError: 'M3UEditor' object has no attribute 'getFullExtInfLine'
ERROR:root:Uncaught exception
Traceback (most recent call last):
  File "C:\Users\Master_PC\Desktop\IPtv_projects\Projects Eldad\M3u_Editor_EldadV1\m3u_Editor.py", line 1492, in deleteSelectedChannels
    self.updateM3UContent()
  File "C:\Users\Master_PC\Desktop\IPtv_projects\Projects Eldad\M3u_Editor_EldadV1\m3u_Editor.py", line 1530, in updateM3UContent
    extinf_line = self.getFullExtInfLine(channel)
                  ^^^^^^^^^^^^^^^^^^^^^^
AttributeError: 'M3UEditor' object has no attribute 'getFullExtInfLine'
ERROR:root:Uncaught exception
Traceback (most recent call last):
  File "C:\Users\Master_PC\Desktop\IPtv_projects\Projects Eldad\M3u_Editor_EldadV1\m3u_Editor.py", line 1275, in sortChannels
    self.updateM3UContent()  # <-- Add this line
    ^^^^^^^^^^^^^^^^^^^^^^^
  File "C:\Users\Master_PC\Desktop\IPtv_projects\Projects Eldad\M3u_Editor_EldadV1\m3u_Editor.py", line 1535, in updateM3UContent
    extinf_line = self.getFullExtInfLine(channel)
                  ^^^^^^^^^^^^^^^^^^^^^^
AttributeError: 'M3UEditor' object has no attribute 'getFullExtInfLine'
ERROR:root:Uncaught exception
Traceback (most recent call last):
  File "C:\Users\Master_PC\Desktop\IPtv_projects\Projects Eldad\M3u_Editor_EldadV1\m3u_Editor.py", line 1495, in deleteSelectedChannels
    self.updateM3UContent()
  File "C:\Users\Master_PC\Desktop\IPtv_projects\Projects Eldad\M3u_Editor_EldadV1\m3u_Editor.py", line 1535, in updateM3UContent
    extinf_line = self.getFullExtInfLine(channel)
                  ^^^^^^^^^^^^^^^^^^^^^^
AttributeError: 'M3UEditor' object has no attribute 'getFullExtInfLine'
ERROR:root:Uncaught exception
Traceback (most recent call last):
  File "C:\Users\Master_PC\Desktop\IPtv_projects\Projects Eldad\M3u_Editor_EldadV1\m3u_Editor.py", line 1495, in deleteSelectedChannels
    self.updateM3UContent()
  File "C:\Users\Master_PC\Desktop\IPtv_projects\Projects Eldad\M3u_Editor_EldadV1\m3u_Editor.py", line 1535, in updateM3UContent
    extinf_line = self.getFullExtInfLine(channel)
                  ^^^^^^^^^^^^^^^^^^^^^^
AttributeError: 'M3UEditor' object has no attribute 'getFullExtInfLine'
ERROR:root:Uncaught exception
Traceback (most recent call last):
  File "C:\Users\Master_PC\Desktop\IPtv_projects\Projects Eldad\M3u_Editor_EldadV1\m3u_Editor.py", line 1495, in deleteSelectedChannels
    self.updateM3UContent()
  File "C:\Users\Master_PC\Desktop\IPtv_projects\Projects Eldad\M3u_Editor_EldadV1\m3u_Editor.py", line 1537, in updateM3UContent
    extinf_line = self.getFullExtInfLine(channel)
                  ^^^^^^^^^^^^^^^^^^^^^^
AttributeError: 'M3UEditor' object has no attribute 'getFullExtInfLine'
ERROR:root:Uncaught exception
Traceback (most recent call last):
  File "C:\Users\Master_PC\Desktop\IPtv_projects\Projects Eldad\M3u_Editor_EldadV1\m3u_Editor.py", line 1495, in deleteSelectedChannels
    self.updateM3UContent()
  File "C:\Users\Master_PC\Desktop\IPtv_projects\Projects Eldad\M3u_Editor_EldadV1\m3u_Editor.py", line 1535, in updateM3UContent
    extinf_line = self.getFullExtInfLine(channel)
                  ^^^^^^^^^^^^^^^^^^^^^^
AttributeError: 'M3UEditor' object has no attribute 'getFullExtInfLine'
ERROR:root:Uncaught exception
Traceback (most recent call last):
  File "C:\Users\Master_PC\Desktop\IPtv_projects\Projects Eldad\M3u_Editor_EldadV1\m3u_Editor.py", line 1495, in deleteSelectedChannels
    self.updateM3UContent()
  File "C:\Users\Master_PC\Desktop\IPtv_projects\Projects Eldad\M3u_Editor_EldadV1\m3u_Editor.py", line 1535, in updateM3UContent
    extinf_line = self.getFullExtInfLine(channel)
                  ^^^^^^^^^^^^^^^^^^^^^^
AttributeError: 'M3UEditor' object has no attribute 'getFullExtInfLine'
ERROR:root:Uncaught exception
Traceback (most recent call last):
  File "C:\Users\Master_PC\Desktop\IPtv_projects\Projects Eldad\M3u_Editor_EldadV1\m3u_Editor.py", line 1492, in deleteSelectedChannels
    self.updateM3UContent()
  File "C:\Users\Master_PC\Desktop\IPtv_projects\Projects Eldad\M3u_Editor_EldadV1\m3u_Editor.py", line 1535, in updateM3UContent
    extinf_line = self.getFullExtInfLine(channel)
                  ^^^^^^^^^^^^^^^^^^^^^^
AttributeError: 'M3UEditor' object has no attribute 'getFullExtInfLine'
ERROR:root:Uncaught exception
Traceback (most recent call last):
  File "C:\Users\Master_PC\Desktop\IPtv_projects\Projects Eldad\M3u_Editor_EldadV1\m3u_Editor.py", line 1492, in deleteSelectedChannels
    self.updateM3UContent()
  File "C:\Users\Master_PC\Desktop\IPtv_projects\Projects Eldad\M3u_Editor_EldadV1\m3u_Editor.py", line 1535, in updateM3UContent
    extinf_line = self.getFullExtInfLine(channel)
                  ^^^^^^^^^^^^^^^^^^^^^^
AttributeError: 'M3UEditor' object has no attribute 'getFullExtInfLine'
ERROR:root:Uncaught exception
Traceback (most recent call last):
  File "C:\Users\Master_PC\Desktop\IPtv_projects\Projects Eldad\M3u_Editor_EldadV1\m3u_Editor.py", line 1275, in sortChannels
    self.updateM3UContent()  # <-- Add this line
    ^^^^^^^^^^^^^^^^^^^^^^^
  File "C:\Users\Master_PC\Desktop\IPtv_projects\Projects Eldad\M3u_Editor_EldadV1\m3u_Editor.py", line 1535, in updateM3UContent
    extinf_line = self.getFullExtInfLine(channel)
                  ^^^^^^^^^^^^^^^^^^^^^^
AttributeError: 'M3UEditor' object has no attribute 'getFullExtInfLine'
ERROR:root:Uncaught exception
Traceback (most recent call last):
  File "C:\Users\Master_PC\Desktop\IPtv_projects\Projects Eldad\M3u_Editor_EldadV1\m3u_Editor.py", line 1275, in sortChannels
    self.updateM3UContent()  # <-- Add this line
    ^^^^^^^^^^^^^^^^^^^^^^^
  File "C:\Users\Master_PC\Desktop\IPtv_projects\Projects Eldad\M3u_Editor_EldadV1\m3u_Editor.py", line 1535, in updateM3UContent
    extinf_line = self.getFullExtInfLine(channel)
                  ^^^^^^^^^^^^^^^^^^^^^^
AttributeError: 'M3UEditor' object has no attribute 'getFullExtInfLine'
ERROR:root:Uncaught exception
Traceback (most recent call last):
  File "C:\Users\Master_PC\Desktop\IPtv_projects\Projects Eldad\M3u_Editor_EldadV1\m3u_Editor.py", line 1492, in deleteSelectedChannels
    self.updateM3UContent()
  File "C:\Users\Master_PC\Desktop\IPtv_projects\Projects Eldad\M3u_Editor_EldadV1\m3u_Editor.py", line 1535, in updateM3UContent
    extinf_line = self.getFullExtInfLine(channel)
                  ^^^^^^^^^^^^^^^^^^^^^^
AttributeError: 'M3UEditor' object has no attribute 'getFullExtInfLine'
ERROR:root:Uncaught exception
Traceback (most recent call last):
  File "C:\Users\Master_PC\Desktop\IPtv_projects\Projects Eldad\M3u_Editor_EldadV1\m3u_Editor.py", line 1674, in moveSelectedChannel
    self.updateM3UContent()
  File "C:\Users\Master_PC\Desktop\IPtv_projects\Projects Eldad\M3u_Editor_EldadV1\m3u_Editor.py", line 1535, in updateM3UContent
    extinf_line = self.getFullExtInfLine(channel)
                  ^^^^^^^^^^^^^^^^^^^^^^
AttributeError: 'M3UEditor' object has no attribute 'getFullExtInfLine'
ERROR:root:Uncaught exception
Traceback (most recent call last):
  File "C:\Users\Master_PC\Desktop\IPtv_projects\Projects Eldad\M3u_Editor_EldadV1\m3u_Editor.py", line 1275, in sortChannels
    self.updateM3UContent()  # <-- Add this line
    ^^^^^^^^^^^^^^^^^^^^^^^
  File "C:\Users\Master_PC\Desktop\IPtv_projects\Projects Eldad\M3u_Editor_EldadV1\m3u_Editor.py", line 1535, in updateM3UContent
    extinf_line = self.getFullExtInfLine(channel)
                  ^^^^^^^^^^^^^^^^^^^^^^
AttributeError: 'M3UEditor' object has no attribute 'getFullExtInfLine'
ERROR:root:Uncaught exception
Traceback (most recent call last):
  File "C:\Users\Master_PC\Desktop\IPtv_projects\Projects Eldad\M3u_Editor_EldadV1\m3u_Editor.py", line 1275, in sortChannels
    self.updateM3UContent()  # <-- Add this line
    ^^^^^^^^^^^^^^^^^^^^^^^
  File "C:\Users\Master_PC\Desktop\IPtv_projects\Projects Eldad\M3u_Editor_EldadV1\m3u_Editor.py", line 1535, in updateM3UContent
    extinf_line = self.getFullExtInfLine(channel)
                  ^^^^^^^^^^^^^^^^^^^^^^
AttributeError: 'M3UEditor' object has no attribute 'getFullExtInfLine'
